<?xml version="1.0" encoding="UTF-8"?>
<!-- Generated by org.testng.reporters.JUnitReportReporter -->
<testsuite hostname="DESKTOP-9C140PG" name="com.selenium.masterpart.SelectDropDown" tests="1" failures="0" timestamp="13 Apr 2020 09:13:52 GMT" time="15.900" errors="0">
  <testcase name="handleBrowser" time="15.900" classname="com.selenium.masterpart.SelectDropDown"/>
</testsuite> <!-- com.selenium.masterpart.SelectDropDown -->
