<?xml version="1.0" encoding="UTF-8"?>
<!-- Generated by org.testng.reporters.JUnitReportReporter -->
<testsuite hostname="DESKTOP-9C140PG" name="com.selenium.masterpart.BrokenLink" tests="1" failures="0" timestamp="9 Apr 2020 07:08:45 GMT" time="353.408" errors="0">
  <testcase name="testBrokenLink" time="353.408" classname="com.selenium.masterpart.BrokenLink"/>
</testsuite> <!-- com.selenium.masterpart.BrokenLink -->
