<?xml version="1.0" encoding="UTF-8"?>
<!-- Generated by org.testng.reporters.JUnitReportReporter -->
<testsuite hostname="DESKTOP-9C140PG" name="com.selenium.masterpart.FrameTest" tests="1" failures="0" timestamp="9 Apr 2020 08:45:55 GMT" time="16.717" errors="0">
  <testcase name="getIFrame" time="16.717" classname="com.selenium.masterpart.FrameTest"/>
</testsuite> <!-- com.selenium.masterpart.FrameTest -->
