<?xml version="1.0" encoding="UTF-8"?>
<!-- Generated by org.testng.reporters.JUnitReportReporter -->
<testsuite hostname="DESKTOP-9C140PG" name="com.selenium.basic.InvokeBrowserAuto" tests="1" failures="0" timestamp="1 May 2020 07:53:30 GMT" time="16.600" errors="0">
  <testcase name="verifyFaceBookHomePage" time="16.600" classname="com.selenium.basic.InvokeBrowserAuto"/>
</testsuite> <!-- com.selenium.basic.InvokeBrowserAuto -->
