<?xml version="1.0" encoding="UTF-8"?>
<!-- Generated by org.testng.reporters.JUnitReportReporter -->
<testsuite hostname="DESKTOP-9C140PG" name="com.selenium.selectoptions.CheckDragDrop" tests="1" failures="0" timestamp="14 Apr 2020 04:33:18 GMT" time="36.521" errors="0">
  <testcase name="performDrop" time="36.521" classname="com.selenium.selectoptions.CheckDragDrop"/>
</testsuite> <!-- com.selenium.selectoptions.CheckDragDrop -->
