<?xml version="1.0" encoding="UTF-8"?>
<!-- Generated by org.testng.reporters.JUnitReportReporter -->
<testsuite hostname="DESKTOP-9C140PG" name="com.selenium.webelement.RediffSignTest" tests="1" failures="0" timestamp="5 Apr 2020 19:48:37 GMT" time="33.813" errors="0">
  <testcase name="testSignin" time="33.813" classname="com.selenium.webelement.RediffSignTest"/>
</testsuite> <!-- com.selenium.webelement.RediffSignTest -->
